<?xml version="1.0" encoding="UTF-8"?>
<!-- Generated by org.testng.reporters.JUnitReportReporter -->
<testsuite skipped="0" hostname="ADMIN-PC" name="testcases.TC001_CreateNewIncident" tests="1" failures="0" timestamp="2021-05-29T01:13:56 IST" time="70.943" errors="0">
  <testcase name="runCreateNewIncident" time="70.943" classname="testcases.TC001_CreateNewIncident"/>
  <system-out/>
</testsuite> <!-- testcases.TC001_CreateNewIncident -->
