<?xml version="1.0" encoding="UTF-8"?>
<!-- Generated by org.testng.reporters.JUnitReportReporter -->
<testsuite skipped="0" hostname="ADMIN-PC" name="testcases.TC001_Login" tests="1" failures="0" timestamp="2021-05-25T18:40:46 IST" time="80.472" errors="0">
  <testcase name="runLogin" time="80.472" classname="testcases.TC001_Login"/>
  <system-out/>
</testsuite> <!-- testcases.TC001_Login -->
