<?xml version="1.0" encoding="UTF-8"?>
<!-- Generated by org.testng.reporters.JUnitReportReporter -->
<testsuite skipped="0" hostname="ADMIN-PC" name="testcases.TC003_AssignIncident" tests="1" failures="0" timestamp="2021-05-28T16:14:06 IST" time="152.171" errors="0">
  <testcase name="runAssignIncident" time="152.171" classname="testcases.TC003_AssignIncident"/>
  <system-out/>
</testsuite> <!-- testcases.TC003_AssignIncident -->
