<?xml version="1.0" encoding="UTF-8"?>
<!-- Generated by org.testng.reporters.JUnitReportReporter -->
<testsuite skipped="0" hostname="ADMIN-PC" name="testcase.TC001_Login" tests="1" failures="0" timestamp="2021-05-23T17:23:55 IST" time="182.971" errors="0">
  <testcase name="runLogin" time="182.971" classname="testcase.TC001_Login"/>
  <system-out/>
</testsuite> <!-- testcase.TC001_Login -->
